<?xml version="1.0" encoding="UTF-8"?>
<!-- Generated by org.testng.reporters.JUnitXMLReporter -->
<testsuite hostname="Ragini" ignored="0" name="Default test" tests="1" failures="1" timestamp="22 May 2018 08:23:41 GMT" time="0.76" errors="0">
  <testcase name="feature" time="0.024" classname="com.AutomationPractice.stepdefintion.CukeRunner">
    <failure type="java.lang.RuntimeException" message="java.io.IOException: Stream closed">
      <![CDATA[java.lang.RuntimeException: java.io.IOException: Stream closed
at gherkin.formatter.NiceAppendable.append(NiceAppendable.java:24)
at cucumber.runtime.formatter.HTMLFormatter.uri(HTMLFormatter.java:59)
at sun.reflect.NativeMethodAccessorImpl.invoke0(Native Method)
at sun.reflect.NativeMethodAccessorImpl.invoke(NativeMethodAccessorImpl.java:62)
at sun.reflect.DelegatingMethodAccessorImpl.invoke(DelegatingMethodAccessorImpl.java:43)
at java.lang.reflect.Method.invoke(Method.java:498)
at cucumber.runtime.Utils$1.call(Utils.java:40)
at cucumber.runtime.Timeout.timeout(Timeout.java:16)
at cucumber.runtime.Utils.invoke(Utils.java:34)
at cucumber.runtime.RuntimeOptions$1.invoke(RuntimeOptions.java:294)
at com.sun.proxy.$Proxy8.uri(Unknown Source)
at cucumber.runtime.model.CucumberFeature.run(CucumberFeature.java:160)
at cucumber.api.testng.TestNGCucumberRunner.runCucumber(TestNGCucumberRunner.java:63)
at com.AutomationPractice.stepdefintion.CukeRunner.feature(CukeRunner.java:30)
at sun.reflect.NativeMethodAccessorImpl.invoke0(Native Method)
at sun.reflect.NativeMethodAccessorImpl.invoke(NativeMethodAccessorImpl.java:62)
at sun.reflect.DelegatingMethodAccessorImpl.invoke(DelegatingMethodAccessorImpl.java:43)
at java.lang.reflect.Method.invoke(Method.java:498)
at org.testng.internal.MethodInvocationHelper.invokeMethod(MethodInvocationHelper.java:124)
at org.testng.internal.Invoker.invokeMethod(Invoker.java:583)
at org.testng.internal.Invoker.invokeTestMethod(Invoker.java:719)
at org.testng.internal.Invoker.invokeTestMethods(Invoker.java:989)
at org.testng.internal.TestMethodWorker.invokeTestMethods(TestMethodWorker.java:125)
at org.testng.internal.TestMethodWorker.run(TestMethodWorker.java:109)
at org.testng.TestRunner.privateRun(TestRunner.java:648)
at org.testng.TestRunner.run(TestRunner.java:505)
at org.testng.SuiteRunner.runTest(SuiteRunner.java:455)
at org.testng.SuiteRunner.runSequentially(SuiteRunner.java:450)
at org.testng.SuiteRunner.privateRun(SuiteRunner.java:415)
at org.testng.SuiteRunner.run(SuiteRunner.java:364)
at org.testng.SuiteRunnerWorker.runSuite(SuiteRunnerWorker.java:52)
at org.testng.SuiteRunnerWorker.run(SuiteRunnerWorker.java:84)
at org.testng.TestNG.runSuitesSequentially(TestNG.java:1208)
at org.testng.TestNG.runSuitesLocally(TestNG.java:1137)
at org.testng.TestNG.runSuites(TestNG.java:1049)
at org.testng.TestNG.run(TestNG.java:1017)
at org.testng.remote.AbstractRemoteTestNG.run(AbstractRemoteTestNG.java:114)
at org.testng.remote.RemoteTestNG.initAndRun(RemoteTestNG.java:251)
at org.testng.remote.RemoteTestNG.main(RemoteTestNG.java:77)
Caused by: java.io.IOException: Stream closed
at sun.nio.cs.StreamEncoder.ensureOpen(StreamEncoder.java:45)
at sun.nio.cs.StreamEncoder.write(StreamEncoder.java:118)
at sun.nio.cs.StreamEncoder.write(StreamEncoder.java:135)
at java.io.OutputStreamWriter.write(OutputStreamWriter.java:220)
at java.io.Writer.write(Writer.java:157)
at java.io.Writer.append(Writer.java:227)
at java.io.Writer.append(Writer.java:50)
at gherkin.formatter.NiceAppendable.append(NiceAppendable.java:20)
... 38 more
]]>
    </failure>
  </testcase> <!-- feature -->
</testsuite> <!-- Default test -->
